> Task :compileJava UP-TO-DATE
> Task :processResources UP-TO-DATE
> Task :classes UP-TO-DATE
> Task :resolveMainClassName UP-TO-DATE

> Task :bootRun
SLF4J(W): Class path contains multiple SLF4J providers.
SLF4J(W): Found provider [ch.qos.logback.classic.spi.LogbackServiceProvider@2038ae61]
SLF4J(W): Found provider [org.slf4j.simple.SimpleServiceProvider@3c0f93f1]
SLF4J(W): See https://www.slf4j.org/codes.html#multiple_bindings for an explanation.
SLF4J(I): Actual provider is of type [ch.qos.logback.classic.spi.LogbackServiceProvider@2038ae61]

  .   ____          _            __ _ _
 /\\ / ___'_ __ _ _(_)_ __  __ _ \ \ \ \
( ( )\___ | '_ | '_| | '_ \/ _` | \ \ \ \
 \\/  ___)| |_)| | | | | || (_| |  ) ) ) )
  '  |____| .__|_| |_|_| |_\__, | / / / /
 =========|_|==============|___/=/_/_/_/

 :: Spring Boot ::                (v3.4.1)

2025-06-06T18:32:42.596-07:00  INFO 49975 --- [card-game] [           main] com.cardgame.CardGameApplication         : Starting CardGameApplication using Java 17.0.4.1 with PID 49975 (/Users/simongao/Desktop/Hand-of-Fate/card-game/build/classes/java/main started by simongao in /Users/simongao/Desktop/Hand-of-Fate/card-game)
2025-06-06T18:32:42.599-07:00  INFO 49975 --- [card-game] [           main] com.cardgame.CardGameApplication         : No active profile set, falling back to 1 default profile: "default"
2025-06-06T18:32:43.198-07:00  INFO 49975 --- [card-game] [           main] .s.d.r.c.RepositoryConfigurationDelegate : Bootstrapping Spring Data MongoDB repositories in DEFAULT mode.
2025-06-06T18:32:43.247-07:00  INFO 49975 --- [card-game] [           main] .s.d.r.c.RepositoryConfigurationDelegate : Finished Spring Data repository scanning in 45 ms. Found 6 MongoDB repository interfaces.
2025-06-06T18:32:43.481-07:00  INFO 49975 --- [card-game] [           main] o.s.b.w.embedded.tomcat.TomcatWebServer  : Tomcat initialized with port 8080 (http)
2025-06-06T18:32:43.487-07:00  INFO 49975 --- [card-game] [           main] o.apache.catalina.core.StandardService   : Starting service [Tomcat]
2025-06-06T18:32:43.488-07:00  INFO 49975 --- [card-game] [           main] o.apache.catalina.core.StandardEngine    : Starting Servlet engine: [Apache Tomcat/10.1.34]
2025-06-06T18:32:43.524-07:00  INFO 49975 --- [card-game] [           main] o.a.c.c.C.[Tomcat].[localhost].[/]       : Initializing Spring embedded WebApplicationContext
2025-06-06T18:32:43.525-07:00  INFO 49975 --- [card-game] [           main] w.s.c.ServletWebServerApplicationContext : Root WebApplicationContext: initialization completed in 897 ms
2025-06-06T18:32:43.643-07:00 DEBUG 49975 --- [card-game] [           main] o.s.w.f.ServerHttpObservationFilter      : Filter 'webMvcObservationFilter' configured for use
2025-06-06T18:32:43.799-07:00  INFO 49975 --- [card-game] [           main] org.mongodb.driver.client                : MongoClient with metadata {"driver": {"name": "mongo-java-driver|sync", "version": "5.2.1"}, "os": {"type": "Darwin", "name": "Mac OS X", "architecture": "aarch64", "version": "13.1"}, "platform": "Java/Eclipse Adoptium/17.0.4.1+1"} created with settings MongoClientSettings{readPreference=primary, writeConcern=WriteConcern{w=null, wTimeout=null ms, journal=null}, retryWrites=true, retryReads=true, readConcern=ReadConcern{level=null}, credential=null, transportSettings=null, commandListeners=[], codecRegistry=ProvidersCodecRegistry{codecProviders=[ValueCodecProvider{}, BsonValueCodecProvider{}, DBRefCodecProvider{}, DBObjectCodecProvider{}, DocumentCodecProvider{}, CollectionCodecProvider{}, IterableCodecProvider{}, MapCodecProvider{}, GeoJsonCodecProvider{}, GridFSFileCodecProvider{}, Jsr310CodecProvider{}, JsonObjectCodecProvider{}, BsonCodecProvider{}, EnumCodecProvider{}, com.mongodb.client.model.mql.ExpressionCodecProvider@41bb1f09, com.mongodb.Jep395RecordCodecProvider@349f0ca4, com.mongodb.KotlinCodecProvider@66f2ec1c]}, loggerSettings=LoggerSettings{maxDocumentLength=1000}, clusterSettings={hosts=[localhost:27017], srvServiceName=mongodb, mode=SINGLE, requiredClusterType=UNKNOWN, requiredReplicaSetName='null', serverSelector='null', clusterListeners='[]', serverSelectionTimeout='30000 ms', localThreshold='15 ms'}, socketSettings=SocketSettings{connectTimeoutMS=10000, readTimeoutMS=0, receiveBufferSize=0, proxySettings=ProxySettings{host=null, port=null, username=null, password=null}}, heartbeatSocketSettings=SocketSettings{connectTimeoutMS=10000, readTimeoutMS=10000, receiveBufferSize=0, proxySettings=ProxySettings{host=null, port=null, username=null, password=null}}, connectionPoolSettings=ConnectionPoolSettings{maxSize=100, minSize=0, maxWaitTimeMS=120000, maxConnectionLifeTimeMS=0, maxConnectionIdleTimeMS=0, maintenanceInitialDelayMS=0, maintenanceFrequencyMS=60000, connectionPoolListeners=[], maxConnecting=2}, serverSettings=ServerSettings{heartbeatFrequencyMS=10000, minHeartbeatFrequencyMS=500, serverMonitoringMode=AUTO, serverListeners='[]', serverMonitorListeners='[]'}, sslSettings=SslSettings{enabled=false, invalidHostNameAllowed=false, context=null}, applicationName='null', compressorList=[], uuidRepresentation=UNSPECIFIED, serverApi=null, autoEncryptionSettings=null, dnsClient=null, inetAddressResolver=null, contextProvider=null, timeoutMS=null}
2025-06-06T18:32:43.822-07:00  INFO 49975 --- [card-game] [localhost:27017] org.mongodb.driver.cluster               : Monitor thread successfully connected to server with description ServerDescription{address=localhost:27017, type=STANDALONE, cryptd=false, state=CONNECTED, ok=true, minWireVersion=0, maxWireVersion=21, maxDocumentSize=16777216, logicalSessionTimeoutMinutes=30, roundTripTimeNanos=13048750, minRoundTripTimeNanos=0}
2025-06-06T18:32:43.977-07:00  INFO 49975 --- [card-game] [           main] c.c.s.nakama.NakamaLeaderBoardService    : Initializing Nakama client with host: localhost, port: 7349, ssl: false
2025-06-06T18:32:43.978-07:00  INFO 49975 --- [card-game] [           main] c.c.s.nakama.NakamaLeaderBoardService    : Authenticating with device ID: 44f76bf1-cf46-4bfe-be45-5fc553675819
2025-06-06T18:32:44.145-07:00  INFO 49975 --- [card-game] [           main] c.c.s.nakama.NakamaLeaderBoardService    : Nakama client initialized successfully with device ID: 44f76bf1-cf46-4bfe-be45-5fc553675819
2025-06-06T18:32:44.192-07:00 DEBUG 49975 --- [card-game] [           main] o.s.w.s.s.s.WebSocketHandlerMapping      : Patterns [/ws/game] in 'webSocketHandlerMapping'
2025-06-06T18:32:44.247-07:00 DEBUG 49975 --- [card-game] [           main] s.w.s.m.m.a.RequestMappingHandlerMapping : 60 mappings in 'requestMappingHandlerMapping'
2025-06-06T18:32:44.261-07:00 DEBUG 49975 --- [card-game] [           main] o.s.w.s.handler.SimpleUrlHandlerMapping  : Patterns [/webjars/**, /**] in 'resourceHandlerMapping'
2025-06-06T18:32:44.274-07:00 DEBUG 49975 --- [card-game] [           main] s.w.s.m.m.a.RequestMappingHandlerAdapter : ControllerAdvice beans: 0 @ModelAttribute, 0 @InitBinder, 1 RequestBodyAdvice, 1 ResponseBodyAdvice
2025-06-06T18:32:44.295-07:00 DEBUG 49975 --- [card-game] [           main] .m.m.a.ExceptionHandlerExceptionResolver : ControllerAdvice beans: 0 @ExceptionHandler, 1 ResponseBodyAdvice
2025-06-06T18:32:44.412-07:00  INFO 49975 --- [card-game] [           main] o.s.b.a.e.web.EndpointLinksResolver      : Exposing 1 endpoint beneath base path '/actuator'
2025-06-06T18:32:44.444-07:00  INFO 49975 --- [card-game] [           main] o.s.b.w.embedded.tomcat.TomcatWebServer  : Tomcat started on port 8080 (http) with context path '/'
2025-06-06T18:32:44.454-07:00  INFO 49975 --- [card-game] [           main] com.cardgame.CardGameApplication         : Started CardGameApplication in 2.048 seconds (process running for 2.24)
Default card already exists
2025-06-06T18:32:46.214-07:00  INFO 49975 --- [card-game] [nio-8080-exec-1] o.a.c.c.C.[Tomcat].[localhost].[/]       : Initializing Spring DispatcherServlet 'dispatcherServlet'
2025-06-06T18:32:46.214-07:00  INFO 49975 --- [card-game] [nio-8080-exec-1] o.s.web.servlet.DispatcherServlet        : Initializing Servlet 'dispatcherServlet'
2025-06-06T18:32:46.214-07:00 DEBUG 49975 --- [card-game] [nio-8080-exec-1] o.s.web.servlet.DispatcherServlet        : Detected StandardServletMultipartResolver
2025-06-06T18:32:46.214-07:00 DEBUG 49975 --- [card-game] [nio-8080-exec-1] o.s.web.servlet.DispatcherServlet        : Detected AcceptHeaderLocaleResolver
2025-06-06T18:32:46.214-07:00 DEBUG 49975 --- [card-game] [nio-8080-exec-1] o.s.web.servlet.DispatcherServlet        : Detected FixedThemeResolver
2025-06-06T18:32:46.215-07:00 DEBUG 49975 --- [card-game] [nio-8080-exec-1] o.s.web.servlet.DispatcherServlet        : Detected org.springframework.web.servlet.view.DefaultRequestToViewNameTranslator@7f2b5cc0
2025-06-06T18:32:46.215-07:00 DEBUG 49975 --- [card-game] [nio-8080-exec-1] o.s.web.servlet.DispatcherServlet        : Detected org.springframework.web.servlet.support.SessionFlashMapManager@3fb4e840
2025-06-06T18:32:46.215-07:00 DEBUG 49975 --- [card-game] [nio-8080-exec-1] o.s.web.servlet.DispatcherServlet        : enableLoggingRequestDetails='false': request parameters and headers will be masked to prevent unsafe logging of potentially sensitive data
2025-06-06T18:32:46.215-07:00  INFO 49975 --- [card-game] [nio-8080-exec-1] o.s.web.servlet.DispatcherServlet        : Completed initialization in 1 ms
2025-06-06T18:32:46.224-07:00 DEBUG 49975 --- [card-game] [nio-8080-exec-2] o.s.web.servlet.DispatcherServlet        : GET "/ws/game", parameters={}
2025-06-06T18:32:46.224-07:00 DEBUG 49975 --- [card-game] [nio-8080-exec-1] o.s.web.servlet.DispatcherServlet        : GET "/ws/game", parameters={}
2025-06-06T18:32:46.227-07:00 DEBUG 49975 --- [card-game] [nio-8080-exec-2] o.s.w.s.s.s.WebSocketHandlerMapping      : Mapped to org.springframework.web.socket.server.support.WebSocketHttpRequestHandler@75bf9e67
2025-06-06T18:32:46.227-07:00 DEBUG 49975 --- [card-game] [nio-8080-exec-1] o.s.w.s.s.s.WebSocketHandlerMapping      : Mapped to org.springframework.web.socket.server.support.WebSocketHttpRequestHandler@75bf9e67
2025-06-06T18:32:46.229-07:00 DEBUG 49975 --- [card-game] [nio-8080-exec-2] o.s.w.s.s.s.WebSocketHttpRequestHandler  : GET /ws/game
2025-06-06T18:32:46.229-07:00 DEBUG 49975 --- [card-game] [nio-8080-exec-1] o.s.w.s.s.s.WebSocketHttpRequestHandler  : GET /ws/game
2025-06-06T18:32:46.243-07:00 DEBUG 49975 --- [card-game] [nio-8080-exec-1] o.s.web.servlet.DispatcherServlet        : Completed 101 SWITCHING_PROTOCOLS
2025-06-06T18:32:46.243-07:00 DEBUG 49975 --- [card-game] [nio-8080-exec-2] o.s.web.servlet.DispatcherServlet        : Completed 101 SWITCHING_PROTOCOLS
2025-06-06T18:32:46.250-07:00 DEBUG 49975 --- [card-game] [nio-8080-exec-2] s.w.s.h.LoggingWebSocketHandlerDecorator : New StandardWebSocketSession[id=e689cfc4-8873-765e-b2d5-dab7c7efb3d6, uri=ws://localhost:8080/ws/game]
2025-06-06T18:32:46.250-07:00 DEBUG 49975 --- [card-game] [nio-8080-exec-1] s.w.s.h.LoggingWebSocketHandlerDecorator : New StandardWebSocketSession[id=4d34de20-b758-36ec-1883-7ad7a68b9d1d, uri=ws://localhost:8080/ws/game]
2025-06-06T18:32:46.250-07:00  INFO 49975 --- [card-game] [nio-8080-exec-2] c.c.websocket.GameWebSocketHandler       : WebSocket connection established: e689cfc4-8873-765e-b2d5-dab7c7efb3d6
2025-06-06T18:32:46.250-07:00  INFO 49975 --- [card-game] [nio-8080-exec-1] c.c.websocket.GameWebSocketHandler       : WebSocket connection established: 4d34de20-b758-36ec-1883-7ad7a68b9d1d
2025-06-06T18:32:46.296-07:00  INFO 49975 --- [card-game] [nio-8080-exec-1] c.c.websocket.GameWebSocketHandler       : handleJoinMatch - matchId: B78A03, playerId: 6843864add37ca0d3198c475
2025-06-06T18:32:46.296-07:00  INFO 49975 --- [card-game] [nio-8080-exec-2] c.c.websocket.GameWebSocketHandler       : handleJoinMatch - matchId: 1472D6, playerId: 68438fb33811043029a54fbd
2025-06-06T18:32:46.297-07:00  INFO 49975 --- [card-game] [nio-8080-exec-1] c.c.websocket.GameWebSocketHandler       : Player 6843864add37ca0d3198c475 joined match B78A03 - total players in match: 1
2025-06-06T18:32:46.297-07:00  INFO 49975 --- [card-game] [nio-8080-exec-2] c.c.websocket.GameWebSocketHandler       : Player 68438fb33811043029a54fbd joined match 1472D6 - total players in match: 1
2025-06-06T18:32:46.298-07:00  INFO 49975 --- [card-game] [nio-8080-exec-2] c.c.websocket.GameWebSocketHandler       : Broadcasting PLAYER_JOINED to other players in match 1472D6
2025-06-06T18:32:46.298-07:00  INFO 49975 --- [card-game] [nio-8080-exec-1] c.c.websocket.GameWebSocketHandler       : Broadcasting PLAYER_JOINED to other players in match B78A03

> Task :bootRun FAILED

FAILURE: Build failed with an exception.

* What went wrong:
Execution failed for task ':bootRun'.
> Process 'command '/Library/Java/JavaVirtualMachines/temurin-17.jdk/Contents/Home/bin/java'' finished with non-zero exit value 137

* Try:
> Run with --stacktrace option to get the stack trace.
> Run with --info or --debug option to get more log output.
> Run with --scan to get full insights.
> Get more help at https://help.gradle.org.

BUILD FAILED in 33s
4 actionable tasks: 1 executed, 3 up-to-date
